<?xml version="1.0" encoding="UTF-8"?>
<testsuite name="WebTest" tests="6" skipped="0" failures="0" errors="0" timestamp="2022-04-18T20:22:37" hostname="DESKTOP-31JR8GE" time="33.107">
  <properties/>
  <testcase name="fillform on parkovkaplatov.com Fedor" classname="WebTest" time="7.801"/>
  <testcase name="fillform on parkovkaplatov.com Bobrov" classname="WebTest" time="5.681"/>
  <testcase name="fillform on parkovkaplatov.com Федор" classname="WebTest" time="5.965"/>
  <testcase name="fillform on parkovkaplatov.com Бобров" classname="WebTest" time="5.566"/>
  <testcase name="Проверка валидации телефона" classname="WebTest" time="3.976"/>
  <testcase name="Проверка валидации телефона" classname="WebTest" time="4.103"/>
  <system-out><![CDATA[]]></system-out>
  <system-err><![CDATA[SLF4J: Failed to load class "org.slf4j.impl.StaticLoggerBinder".
SLF4J: Defaulting to no-operation (NOP) logger implementation
SLF4J: See http://www.slf4j.org/codes.html#StaticLoggerBinder for further details.
Starting ChromeDriver 100.0.4896.60 (6a5d10861ce8de5fce22564658033b43cb7de047-refs/branch-heads/4896@{#875}) on port 64508
Only local connections are allowed.
Please see https://chromedriver.chromium.org/security-considerations for suggestions on keeping ChromeDriver safe.
ChromeDriver was started successfully.
апр. 18, 2022 11:22:40 PM org.openqa.selenium.remote.ProtocolHandshake createSession
INFO: Detected dialect: W3C
апр. 18, 2022 11:22:40 PM org.openqa.selenium.devtools.CdpVersionFinder findNearestMatch
WARNING: Unable to find an exact match for CDP version 100, so returning the closest version found: 99
апр. 18, 2022 11:22:40 PM org.openqa.selenium.devtools.CdpVersionFinder findNearestMatch
INFO: Found CDP implementation for version 100 of 99
Starting ChromeDriver 100.0.4896.60 (6a5d10861ce8de5fce22564658033b43cb7de047-refs/branch-heads/4896@{#875}) on port 61910
Only local connections are allowed.
Please see https://chromedriver.chromium.org/security-considerations for suggestions on keeping ChromeDriver safe.
ChromeDriver was started successfully.
апр. 18, 2022 11:22:46 PM org.openqa.selenium.remote.ProtocolHandshake createSession
INFO: Detected dialect: W3C
апр. 18, 2022 11:22:46 PM org.openqa.selenium.devtools.CdpVersionFinder findNearestMatch
WARNING: Unable to find an exact match for CDP version 100, so returning the closest version found: 99
апр. 18, 2022 11:22:46 PM org.openqa.selenium.devtools.CdpVersionFinder findNearestMatch
INFO: Found CDP implementation for version 100 of 99
Starting ChromeDriver 100.0.4896.60 (6a5d10861ce8de5fce22564658033b43cb7de047-refs/branch-heads/4896@{#875}) on port 64568
Only local connections are allowed.
Please see https://chromedriver.chromium.org/security-considerations for suggestions on keeping ChromeDriver safe.
ChromeDriver was started successfully.
апр. 18, 2022 11:22:52 PM org.openqa.selenium.remote.ProtocolHandshake createSession
INFO: Detected dialect: W3C
апр. 18, 2022 11:22:52 PM org.openqa.selenium.devtools.CdpVersionFinder findNearestMatch
WARNING: Unable to find an exact match for CDP version 100, so returning the closest version found: 99
апр. 18, 2022 11:22:52 PM org.openqa.selenium.devtools.CdpVersionFinder findNearestMatch
INFO: Found CDP implementation for version 100 of 99
Starting ChromeDriver 100.0.4896.60 (6a5d10861ce8de5fce22564658033b43cb7de047-refs/branch-heads/4896@{#875}) on port 54808
Only local connections are allowed.
Please see https://chromedriver.chromium.org/security-considerations for suggestions on keeping ChromeDriver safe.
ChromeDriver was started successfully.
апр. 18, 2022 11:22:57 PM org.openqa.selenium.remote.ProtocolHandshake createSession
INFO: Detected dialect: W3C
апр. 18, 2022 11:22:57 PM org.openqa.selenium.devtools.CdpVersionFinder findNearestMatch
WARNING: Unable to find an exact match for CDP version 100, so returning the closest version found: 99
апр. 18, 2022 11:22:57 PM org.openqa.selenium.devtools.CdpVersionFinder findNearestMatch
INFO: Found CDP implementation for version 100 of 99
Starting ChromeDriver 100.0.4896.60 (6a5d10861ce8de5fce22564658033b43cb7de047-refs/branch-heads/4896@{#875}) on port 57280
Only local connections are allowed.
Please see https://chromedriver.chromium.org/security-considerations for suggestions on keeping ChromeDriver safe.
ChromeDriver was started successfully.
апр. 18, 2022 11:23:03 PM org.openqa.selenium.remote.ProtocolHandshake createSession
INFO: Detected dialect: W3C
апр. 18, 2022 11:23:03 PM org.openqa.selenium.devtools.CdpVersionFinder findNearestMatch
WARNING: Unable to find an exact match for CDP version 100, so returning the closest version found: 99
апр. 18, 2022 11:23:03 PM org.openqa.selenium.devtools.CdpVersionFinder findNearestMatch
INFO: Found CDP implementation for version 100 of 99
Starting ChromeDriver 100.0.4896.60 (6a5d10861ce8de5fce22564658033b43cb7de047-refs/branch-heads/4896@{#875}) on port 64953
Only local connections are allowed.
Please see https://chromedriver.chromium.org/security-considerations for suggestions on keeping ChromeDriver safe.
ChromeDriver was started successfully.
апр. 18, 2022 11:23:07 PM org.openqa.selenium.remote.ProtocolHandshake createSession
INFO: Detected dialect: W3C
апр. 18, 2022 11:23:07 PM org.openqa.selenium.devtools.CdpVersionFinder findNearestMatch
WARNING: Unable to find an exact match for CDP version 100, so returning the closest version found: 99
апр. 18, 2022 11:23:07 PM org.openqa.selenium.devtools.CdpVersionFinder findNearestMatch
INFO: Found CDP implementation for version 100 of 99
]]></system-err>
</testsuite>
